 
                              Library Manager (TM)

             Version S-2021.06-SP4 for linux64 - Nov 25, 2021 -SLE

                    Copyright (c) 1988 - 2021 Synopsys, Inc.
   This software and the associated documentation are proprietary to Synopsys,
 Inc. This software may only be used in accordance with the terms and conditions
 of a written license agreement with Synopsys, Inc. All other use, reproduction,
   or distribution of this software is strictly prohibited.  Licensed Products
     communicate with Synopsys servers for the purpose of providing software
    updates, detecting software piracy and verifying that customers are using
    Licensed Products in conformity with the applicable License Key for such
  Licensed Products. Synopsys will use information gathered in connection with
    this process to deliver software updates and pursue software pirates and
                                   infringers.

 Inclusivity & Diversity - Visit SolvNetPlus to read the "Synopsys Statement on
            Inclusivity and Diversity" (Refer to article 000036315 at
                        https://solvnetplus.synopsys.com)

set search_path {. .}
. .
setenv RUN_RESULT /tmp/.tARL181349/_rr04pHqw
/tmp/.tARL181349/_rr04pHqw
set_current_mismatch_config auto_fix
1
set_app_options -name lib.workspace.build_script -value CLIBs/.scripts/saed14rvt_tt0p8v25c_physical_only.tcl
lib.workspace.build_script CLIBs/.scripts/saed14rvt_tt0p8v25c_physical_only.tcl
#suppress_messages
source -echo -verbose CLIBs/.scripts/saed14rvt_tt0p8v25c_physical_only.tcl
set NDM_LIBS {}
set FRAME_LIBS {/net/marysrock.ece.Virginia.EDU/maryisan/users/fcc9ya/synopsys/asic/asic_project/icc2_shell/ref/lib/NDM/saed14rvt_frame_only.ndm}
/net/marysrock.ece.Virginia.EDU/maryisan/users/fcc9ya/synopsys/asic/asic_project/icc2_shell/ref/lib/NDM/saed14rvt_frame_only.ndm
set LEF_FILES {}
set DB_FILES {}
set TECH_FILE "/net/marysrock.ece.Virginia.EDU/maryisan/users/fcc9ya/synopsys/asic/asic_project/icc2_shell/ref/tech/NDM/saed14rvt_1p9m.tf"
/net/marysrock.ece.Virginia.EDU/maryisan/users/fcc9ya/synopsys/asic/asic_project/icc2_shell/ref/tech/NDM/saed14rvt_1p9m.tf
set_app_options -name lib.workspace.create_cached_lib -value true
lib.workspace.create_cached_lib true
set_app_options -name lib.workspace.include_design_filters -value {SAEDRVT14_AOLVLUBUFE0_IY2V1_1 SAEDRVT14_AOLVLUBUFE0_IY2V1_10 SAEDRVT14_AOLVLUBUFE0_IY2V1_12 SAEDRVT14_AOLVLUBUFE0_IY2V1_2 SAEDRVT14_AOLVLUBUFE0_IY2V1_3 SAEDRVT14_AOLVLUBUFE0_IY2V1_4 SAEDRVT14_AOLVLUBUFE0_IY2V1_6 SAEDRVT14_AOLVLUBUFE0_IY2V1_8 SAEDRVT14_AOLVLUBUFE1_IY2V1_1 SAEDRVT14_AOLVLUBUFE1_IY2V1_10 SAEDRVT14_AOLVLUBUFE1_IY2V1_12 SAEDRVT14_AOLVLUBUFE1_IY2V1_2 SAEDRVT14_AOLVLUBUFE1_IY2V1_3 SAEDRVT14_AOLVLUBUFE1_IY2V1_4 SAEDRVT14_AOLVLUBUFE1_IY2V1_6 SAEDRVT14_AOLVLUBUFE1_IY2V1_8 SAEDRVT14_AOLVLUBUF_IY2V1_1 SAEDRVT14_AOLVLUBUF_IY2V1_10 SAEDRVT14_AOLVLUBUF_IY2V1_12 SAEDRVT14_AOLVLUBUF_IY2V1_2 SAEDRVT14_AOLVLUBUF_IY2V1_3 SAEDRVT14_AOLVLUBUF_IY2V1_4 SAEDRVT14_AOLVLUBUF_IY2V1_6 SAEDRVT14_AOLVLUBUF_IY2V1_8 SAEDRVT14_ELVLDNOR_V2_1 SAEDRVT14_ELVLDNOR_V2_10 SAEDRVT14_ELVLDNOR_V2_12 SAEDRVT14_ELVLDNOR_V2_2 SAEDRVT14_ELVLDNOR_V2_3 SAEDRVT14_ELVLDNOR_V2_4 SAEDRVT14_ELVLDNOR_V2_6 SAEDRVT14_ELVLDNOR_V2_8 SAEDRVT14_ELVLUNOR_V2_1 SAEDRVT14_ELVLUNOR_V2_10 SAEDRVT14_ELVLUNOR_V2_12 SAEDRVT14_ELVLUNOR_V2_2 SAEDRVT14_ELVLUNOR_V2_3 SAEDRVT14_ELVLUNOR_V2_4 SAEDRVT14_ELVLUNOR_V2_6 SAEDRVT14_ELVLUNOR_V2_8 SAEDRVT14_FSDN_V2_0P5 SAEDRVT14_LVLDBUFE0_IY2V1_1 SAEDRVT14_LVLDBUFE0_IY2V1_10 SAEDRVT14_LVLDBUFE0_IY2V1_12 SAEDRVT14_LVLDBUFE0_IY2V1_2 SAEDRVT14_LVLDBUFE0_IY2V1_3 SAEDRVT14_LVLDBUFE0_IY2V1_4 SAEDRVT14_LVLDBUFE0_IY2V1_6 SAEDRVT14_LVLDBUFE0_IY2V1_8 SAEDRVT14_LVLDBUFE0_IY2_1 SAEDRVT14_LVLDBUFE0_IY2_10 SAEDRVT14_LVLDBUFE0_IY2_12 SAEDRVT14_LVLDBUFE0_IY2_2 SAEDRVT14_LVLDBUFE0_IY2_3 SAEDRVT14_LVLDBUFE0_IY2_4 SAEDRVT14_LVLDBUFE0_IY2_6 SAEDRVT14_LVLDBUFE1_IY2V1_1 SAEDRVT14_LVLDBUFE1_IY2V1_10 SAEDRVT14_LVLDBUFE1_IY2V1_12 SAEDRVT14_LVLDBUFE1_IY2V1_2 SAEDRVT14_LVLDBUFE1_IY2V1_3 SAEDRVT14_LVLDBUFE1_IY2V1_4 SAEDRVT14_LVLDBUFE1_IY2V1_6 SAEDRVT14_LVLDBUFE1_IY2V1_8 SAEDRVT14_LVLDBUFE1_IY2_1 SAEDRVT14_LVLDBUFE1_IY2_10 SAEDRVT14_LVLDBUFE1_IY2_12 SAEDRVT14_LVLDBUFE1_IY2_2 SAEDRVT14_LVLDBUFE1_IY2_4 SAEDRVT14_LVLDBUFE1_IY2_6 SAEDRVT14_LVLDBUFE1_IY2_8 SAEDRVT14_LVLDBUF_IY2V1_1 SAEDRVT14_LVLDBUF_IY2V1_10 SAEDRVT14_LVLDBUF_IY2V1_12 SAEDRVT14_LVLDBUF_IY2V1_2 SAEDRVT14_LVLDBUF_IY2V1_3 SAEDRVT14_LVLDBUF_IY2V1_4 SAEDRVT14_LVLDBUF_IY2V1_6 SAEDRVT14_LVLDBUF_IY2V1_8 SAEDRVT14_LVLUBUF4E0_IY2_2 SAEDRVT14_LVLUBUF4E0_IY2_4 SAEDRVT14_LVLUBUF4E0_IY2_8 SAEDRVT14_LVLUBUFE0_IY2V1_1 SAEDRVT14_LVLUBUFE0_IY2V1_10 SAEDRVT14_LVLUBUFE0_IY2V1_12 SAEDRVT14_LVLUBUFE0_IY2V1_2 SAEDRVT14_LVLUBUFE0_IY2V1_3 SAEDRVT14_LVLUBUFE0_IY2V1_4 SAEDRVT14_LVLUBUFE0_IY2V1_6 SAEDRVT14_LVLUBUFE0_IY2V1_8 SAEDRVT14_LVLUBUFE0_IY2_1 SAEDRVT14_LVLUBUFE0_IY2_10 SAEDRVT14_LVLUBUFE0_IY2_12 SAEDRVT14_LVLUBUFE0_IY2_2 SAEDRVT14_LVLUBUFE0_IY2_3 SAEDRVT14_LVLUBUFE0_IY2_4 SAEDRVT14_LVLUBUFE0_IY2_6 SAEDRVT14_LVLUBUFE0_IY2_8 SAEDRVT14_LVLUBUFE1_IY2V1_1 SAEDRVT14_LVLUBUFE1_IY2V1_10 SAEDRVT14_LVLUBUFE1_IY2V1_12 SAEDRVT14_LVLUBUFE1_IY2V1_2 SAEDRVT14_LVLUBUFE1_IY2V1_3 SAEDRVT14_LVLUBUFE1_IY2V1_4 SAEDRVT14_LVLUBUFE1_IY2V1_6 SAEDRVT14_LVLUBUFE1_IY2V1_8 SAEDRVT14_LVLUBUFE1_IY2_1 SAEDRVT14_LVLUBUFE1_IY2_10 SAEDRVT14_LVLUBUFE1_IY2_12 SAEDRVT14_LVLUBUFE1_IY2_2 SAEDRVT14_LVLUBUFE1_IY2_3 SAEDRVT14_LVLUBUFE1_IY2_4 SAEDRVT14_LVLUBUFE1_IY2_6 SAEDRVT14_LVLUBUFE1_IY2_8 SAEDRVT14_LVLUBUF_IY2V1_1 SAEDRVT14_LVLUBUF_IY2V1_10 SAEDRVT14_LVLUBUF_IY2V1_12 SAEDRVT14_LVLUBUF_IY2V1_2 SAEDRVT14_LVLUBUF_IY2V1_3 SAEDRVT14_LVLUBUF_IY2V1_4 SAEDRVT14_LVLUBUF_IY2V1_6 SAEDRVT14_LVLUBUF_IY2V1_8 SAEDRVT14_LVLUBUF_IY2_1 SAEDRVT14_LVLUBUF_IY2_10 SAEDRVT14_LVLUBUF_IY2_12 SAEDRVT14_LVLUBUF_IY2_2 SAEDRVT14_LVLUBUF_IY2_3 SAEDRVT14_LVLUBUF_IY2_4 SAEDRVT14_LVLUBUF_IY2_6 SAEDRVT14_LVLUBUF_IY2_8 SAEDRVT14_PGATDRV_V1_8}
lib.workspace.include_design_filters {SAEDRVT14_AOLVLUBUFE0_IY2V1_1 SAEDRVT14_AOLVLUBUFE0_IY2V1_10 SAEDRVT14_AOLVLUBUFE0_IY2V1_12 SAEDRVT14_AOLVLUBUFE0_IY2V1_2 SAEDRVT14_AOLVLUBUFE0_IY2V1_3 SAEDRVT14_AOLVLUBUFE0_IY2V1_4 SAEDRVT14_AOLVLUBUFE0_IY2V1_6 SAEDRVT14_AOLVLUBUFE0_IY2V1_8 SAEDRVT14_AOLVLUBUFE1_IY2V1_1 SAEDRVT14_AOLVLUBUFE1_IY2V1_10 SAEDRVT14_AOLVLUBUFE1_IY2V1_12 SAEDRVT14_AOLVLUBUFE1_IY2V1_2 SAEDRVT14_AOLVLUBUFE1_IY2V1_3 SAEDRVT14_AOLVLUBUFE1_IY2V1_4 SAEDRVT14_AOLVLUBUFE1_IY2V1_6 SAEDRVT14_AOLVLUBUFE1_IY2V1_8 SAEDRVT14_AOLVLUBUF_IY2V1_1 SAEDRVT14_AOLVLUBUF_IY2V1_10 SAEDRVT14_AOLVLUBUF_IY2V1_12 SAEDRVT14_AOLVLUBUF_IY2V1_2 SAEDRVT14_AOLVLUBUF_IY2V1_3 SAEDRVT14_AOLVLUBUF_IY2V1_4 SAEDRVT14_AOLVLUBUF_IY2V1_6 SAEDRVT14_AOLVLUBUF_IY2V1_8 SAEDRVT14_ELVLDNOR_V2_1 SAEDRVT14_ELVLDNOR_V2_10 SAEDRVT14_ELVLDNOR_V2_12 SAEDRVT14_ELVLDNOR_V2_2 SAEDRVT14_ELVLDNOR_V2_3 SAEDRVT14_ELVLDNOR_V2_4 SAEDRVT14_ELVLDNOR_V2_6 SAEDRVT14_ELVLDNOR_V2_8 SAEDRVT14_ELVLUNOR_V2_1 SAEDRVT14_ELVLUNOR_V2_10 SAEDRVT14_ELVLUNOR_V2_12 SAEDRVT14_ELVLUNOR_V2_2 SAEDRVT14_ELVLUNOR_V2_3 SAEDRVT14_ELVLUNOR_V2_4 SAEDRVT14_ELVLUNOR_V2_6 SAEDRVT14_ELVLUNOR_V2_8 SAEDRVT14_FSDN_V2_0P5 SAEDRVT14_LVLDBUFE0_IY2V1_1 SAEDRVT14_LVLDBUFE0_IY2V1_10 SAEDRVT14_LVLDBUFE0_IY2V1_12 SAEDRVT14_LVLDBUFE0_IY2V1_2 SAEDRVT14_LVLDBUFE0_IY2V1_3 SAEDRVT14_LVLDBUFE0_IY2V1_4 SAEDRVT14_LVLDBUFE0_IY2V1_6 SAEDRVT14_LVLDBUFE0_IY2V1_8 SAEDRVT14_LVLDBUFE0_IY2_1 SAEDRVT14_LVLDBUFE0_IY2_10 SAEDRVT14_LVLDBUFE0_IY2_12 SAEDRVT14_LVLDBUFE0_IY2_2 SAEDRVT14_LVLDBUFE0_IY2_3 SAEDRVT14_LVLDBUFE0_IY2_4 SAEDRVT14_LVLDBUFE0_IY2_6 SAEDRVT14_LVLDBUFE1_IY2V1_1 SAEDRVT14_LVLDBUFE1_IY2V1_10 SAEDRVT14_LVLDBUFE1_IY2V1_12 SAEDRVT14_LVLDBUFE1_IY2V1_2 SAEDRVT14_LVLDBUFE1_IY2V1_3 SAEDRVT14_LVLDBUFE1_IY2V1_4 SAEDRVT14_LVLDBUFE1_IY2V1_6 SAEDRVT14_LVLDBUFE1_IY2V1_8 SAEDRVT14_LVLDBUFE1_IY2_1 SAEDRVT14_LVLDBUFE1_IY2_10 SAEDRVT14_LVLDBUFE1_IY2_12 SAEDRVT14_LVLDBUFE1_IY2_2 SAEDRVT14_LVLDBUFE1_IY2_4 SAEDRVT14_LVLDBUFE1_IY2_6 SAEDRVT14_LVLDBUFE1_IY2_8 SAEDRVT14_LVLDBUF_IY2V1_1 SAEDRVT14_LVLDBUF_IY2V1_10 SAEDRVT14_LVLDBUF_IY2V1_12 SAEDRVT14_LVLDBUF_IY2V1_2 SAEDRVT14_LVLDBUF_IY2V1_3 SAEDRVT14_LVLDBUF_IY2V1_4 SAEDRVT14_LVLDBUF_IY2V1_6 SAEDRVT14_LVLDBUF_IY2V1_8 SAEDRVT14_LVLUBUF4E0_IY2_2 SAEDRVT14_LVLUBUF4E0_IY2_4 SAEDRVT14_LVLUBUF4E0_IY2_8 SAEDRVT14_LVLUBUFE0_IY2V1_1 SAEDRVT14_LVLUBUFE0_IY2V1_10 SAEDRVT14_LVLUBUFE0_IY2V1_12 SAEDRVT14_LVLUBUFE0_IY2V1_2 SAEDRVT14_LVLUBUFE0_IY2V1_3 SAEDRVT14_LVLUBUFE0_IY2V1_4 SAEDRVT14_LVLUBUFE0_IY2V1_6 SAEDRVT14_LVLUBUFE0_IY2V1_8 SAEDRVT14_LVLUBUFE0_IY2_1 SAEDRVT14_LVLUBUFE0_IY2_10 SAEDRVT14_LVLUBUFE0_IY2_12 SAEDRVT14_LVLUBUFE0_IY2_2 SAEDRVT14_LVLUBUFE0_IY2_3 SAEDRVT14_LVLUBUFE0_IY2_4 SAEDRVT14_LVLUBUFE0_IY2_6 SAEDRVT14_LVLUBUFE0_IY2_8 SAEDRVT14_LVLUBUFE1_IY2V1_1 SAEDRVT14_LVLUBUFE1_IY2V1_10 SAEDRVT14_LVLUBUFE1_IY2V1_12 SAEDRVT14_LVLUBUFE1_IY2V1_2 SAEDRVT14_LVLUBUFE1_IY2V1_3 SAEDRVT14_LVLUBUFE1_IY2V1_4 SAEDRVT14_LVLUBUFE1_IY2V1_6 SAEDRVT14_LVLUBUFE1_IY2V1_8 SAEDRVT14_LVLUBUFE1_IY2_1 SAEDRVT14_LVLUBUFE1_IY2_10 SAEDRVT14_LVLUBUFE1_IY2_12 SAEDRVT14_LVLUBUFE1_IY2_2 SAEDRVT14_LVLUBUFE1_IY2_3 SAEDRVT14_LVLUBUFE1_IY2_4 SAEDRVT14_LVLUBUFE1_IY2_6 SAEDRVT14_LVLUBUFE1_IY2_8 SAEDRVT14_LVLUBUF_IY2V1_1 SAEDRVT14_LVLUBUF_IY2V1_10 SAEDRVT14_LVLUBUF_IY2V1_12 SAEDRVT14_LVLUBUF_IY2V1_2 SAEDRVT14_LVLUBUF_IY2V1_3 SAEDRVT14_LVLUBUF_IY2V1_4 SAEDRVT14_LVLUBUF_IY2V1_6 SAEDRVT14_LVLUBUF_IY2V1_8 SAEDRVT14_LVLUBUF_IY2_1 SAEDRVT14_LVLUBUF_IY2_10 SAEDRVT14_LVLUBUF_IY2_12 SAEDRVT14_LVLUBUF_IY2_2 SAEDRVT14_LVLUBUF_IY2_3 SAEDRVT14_LVLUBUF_IY2_4 SAEDRVT14_LVLUBUF_IY2_6 SAEDRVT14_LVLUBUF_IY2_8 SAEDRVT14_PGATDRV_V1_8}
#suppress_messages
set_app_options -name lib.workspace.allow_read_aggregate_lib -value true
lib.workspace.allow_read_aggregate_lib true
create_workspace saed14rvt_tt0p8v25c_physical_only -flow physical_only -scale_factor 10000
... created workspace saed14rvt_tt0p8v25c_physical_only in physical_only flow
foreach frame $FRAME_LIBS {
  read_ndm $frame
}
Information: Loading library file '/net/marysrock.ece.Virginia.EDU/maryisan/users/fcc9ya/synopsys/asic/asic_project/icc2_shell/ref/lib/NDM/saed14rvt_frame_only.ndm' (FILE-007)
... including SAEDRVT14_AOLVLUBUFE0_IY2V1_1/frame
... including SAEDRVT14_AOLVLUBUFE0_IY2V1_10/frame
... including SAEDRVT14_AOLVLUBUFE0_IY2V1_12/frame
... including SAEDRVT14_AOLVLUBUFE0_IY2V1_2/frame
... including SAEDRVT14_AOLVLUBUFE0_IY2V1_3/frame
... including SAEDRVT14_AOLVLUBUFE0_IY2V1_4/frame
... including SAEDRVT14_AOLVLUBUFE0_IY2V1_6/frame
... including SAEDRVT14_AOLVLUBUFE0_IY2V1_8/frame
... including SAEDRVT14_AOLVLUBUFE1_IY2V1_1/frame
... including SAEDRVT14_AOLVLUBUFE1_IY2V1_10/frame
... including SAEDRVT14_AOLVLUBUFE1_IY2V1_12/frame
... including SAEDRVT14_AOLVLUBUFE1_IY2V1_2/frame
... including SAEDRVT14_AOLVLUBUFE1_IY2V1_3/frame
... including SAEDRVT14_AOLVLUBUFE1_IY2V1_4/frame
... including SAEDRVT14_AOLVLUBUFE1_IY2V1_6/frame
... including SAEDRVT14_AOLVLUBUFE1_IY2V1_8/frame
... including SAEDRVT14_AOLVLUBUF_IY2V1_1/frame
... including SAEDRVT14_AOLVLUBUF_IY2V1_10/frame
... including SAEDRVT14_AOLVLUBUF_IY2V1_12/frame
... including SAEDRVT14_AOLVLUBUF_IY2V1_2/frame
... including SAEDRVT14_AOLVLUBUF_IY2V1_3/frame
... including SAEDRVT14_AOLVLUBUF_IY2V1_4/frame
... including SAEDRVT14_AOLVLUBUF_IY2V1_6/frame
... including SAEDRVT14_AOLVLUBUF_IY2V1_8/frame
... including SAEDRVT14_ELVLDNOR_V2_1/frame
... including SAEDRVT14_ELVLDNOR_V2_10/frame
... including SAEDRVT14_ELVLDNOR_V2_12/frame
... including SAEDRVT14_ELVLDNOR_V2_2/frame
... including SAEDRVT14_ELVLDNOR_V2_3/frame
... including SAEDRVT14_ELVLDNOR_V2_4/frame
... including SAEDRVT14_ELVLDNOR_V2_6/frame
... including SAEDRVT14_ELVLDNOR_V2_8/frame
... including SAEDRVT14_ELVLUNOR_V2_1/frame
... including SAEDRVT14_ELVLUNOR_V2_10/frame
... including SAEDRVT14_ELVLUNOR_V2_12/frame
... including SAEDRVT14_ELVLUNOR_V2_2/frame
... including SAEDRVT14_ELVLUNOR_V2_3/frame
... including SAEDRVT14_ELVLUNOR_V2_4/frame
... including SAEDRVT14_ELVLUNOR_V2_6/frame
... including SAEDRVT14_ELVLUNOR_V2_8/frame
... including SAEDRVT14_FSDN_V2_0P5/frame
... including SAEDRVT14_LVLDBUFE0_IY2V1_1/frame
... including SAEDRVT14_LVLDBUFE0_IY2V1_10/frame
... including SAEDRVT14_LVLDBUFE0_IY2V1_12/frame
... including SAEDRVT14_LVLDBUFE0_IY2V1_2/frame
... including SAEDRVT14_LVLDBUFE0_IY2V1_3/frame
... including SAEDRVT14_LVLDBUFE0_IY2V1_4/frame
... including SAEDRVT14_LVLDBUFE0_IY2V1_6/frame
... including SAEDRVT14_LVLDBUFE0_IY2V1_8/frame
... including SAEDRVT14_LVLDBUFE0_IY2_1/frame
... including SAEDRVT14_LVLDBUFE0_IY2_10/frame
... including SAEDRVT14_LVLDBUFE0_IY2_12/frame
... including SAEDRVT14_LVLDBUFE0_IY2_2/frame
... including SAEDRVT14_LVLDBUFE0_IY2_3/frame
... including SAEDRVT14_LVLDBUFE0_IY2_4/frame
... including SAEDRVT14_LVLDBUFE0_IY2_6/frame
... including SAEDRVT14_LVLDBUFE1_IY2V1_1/frame
... including SAEDRVT14_LVLDBUFE1_IY2V1_10/frame
... including SAEDRVT14_LVLDBUFE1_IY2V1_12/frame
... including SAEDRVT14_LVLDBUFE1_IY2V1_2/frame
... including SAEDRVT14_LVLDBUFE1_IY2V1_3/frame
... including SAEDRVT14_LVLDBUFE1_IY2V1_4/frame
... including SAEDRVT14_LVLDBUFE1_IY2V1_6/frame
... including SAEDRVT14_LVLDBUFE1_IY2V1_8/frame
... including SAEDRVT14_LVLDBUFE1_IY2_1/frame
... including SAEDRVT14_LVLDBUFE1_IY2_10/frame
... including SAEDRVT14_LVLDBUFE1_IY2_12/frame
... including SAEDRVT14_LVLDBUFE1_IY2_2/frame
... including SAEDRVT14_LVLDBUFE1_IY2_4/frame
... including SAEDRVT14_LVLDBUFE1_IY2_6/frame
... including SAEDRVT14_LVLDBUFE1_IY2_8/frame
... including SAEDRVT14_LVLDBUF_IY2V1_1/frame
... including SAEDRVT14_LVLDBUF_IY2V1_10/frame
... including SAEDRVT14_LVLDBUF_IY2V1_12/frame
... including SAEDRVT14_LVLDBUF_IY2V1_2/frame
... including SAEDRVT14_LVLDBUF_IY2V1_3/frame
... including SAEDRVT14_LVLDBUF_IY2V1_4/frame
... including SAEDRVT14_LVLDBUF_IY2V1_6/frame
... including SAEDRVT14_LVLDBUF_IY2V1_8/frame
... including SAEDRVT14_LVLUBUF4E0_IY2_2/frame
... including SAEDRVT14_LVLUBUF4E0_IY2_4/frame
... including SAEDRVT14_LVLUBUF4E0_IY2_8/frame
... including SAEDRVT14_LVLUBUFE0_IY2V1_1/frame
... including SAEDRVT14_LVLUBUFE0_IY2V1_10/frame
... including SAEDRVT14_LVLUBUFE0_IY2V1_12/frame
... including SAEDRVT14_LVLUBUFE0_IY2V1_2/frame
... including SAEDRVT14_LVLUBUFE0_IY2V1_3/frame
... including SAEDRVT14_LVLUBUFE0_IY2V1_4/frame
... including SAEDRVT14_LVLUBUFE0_IY2V1_6/frame
... including SAEDRVT14_LVLUBUFE0_IY2V1_8/frame
... including SAEDRVT14_LVLUBUFE0_IY2_1/frame
... including SAEDRVT14_LVLUBUFE0_IY2_10/frame
... including SAEDRVT14_LVLUBUFE0_IY2_12/frame
... including SAEDRVT14_LVLUBUFE0_IY2_2/frame
... including SAEDRVT14_LVLUBUFE0_IY2_3/frame
... including SAEDRVT14_LVLUBUFE0_IY2_4/frame
... including SAEDRVT14_LVLUBUFE0_IY2_6/frame
... including SAEDRVT14_LVLUBUFE0_IY2_8/frame
... including SAEDRVT14_LVLUBUFE1_IY2V1_1/frame
... including SAEDRVT14_LVLUBUFE1_IY2V1_10/frame
... including SAEDRVT14_LVLUBUFE1_IY2V1_12/frame
... including SAEDRVT14_LVLUBUFE1_IY2V1_2/frame
... including SAEDRVT14_LVLUBUFE1_IY2V1_3/frame
... including SAEDRVT14_LVLUBUFE1_IY2V1_4/frame
... including SAEDRVT14_LVLUBUFE1_IY2V1_6/frame
... including SAEDRVT14_LVLUBUFE1_IY2V1_8/frame
... including SAEDRVT14_LVLUBUFE1_IY2_1/frame
... including SAEDRVT14_LVLUBUFE1_IY2_10/frame
... including SAEDRVT14_LVLUBUFE1_IY2_12/frame
... including SAEDRVT14_LVLUBUFE1_IY2_2/frame
... including SAEDRVT14_LVLUBUFE1_IY2_3/frame
... including SAEDRVT14_LVLUBUFE1_IY2_4/frame
... including SAEDRVT14_LVLUBUFE1_IY2_6/frame
... including SAEDRVT14_LVLUBUFE1_IY2_8/frame
... including SAEDRVT14_LVLUBUF_IY2V1_1/frame
... including SAEDRVT14_LVLUBUF_IY2V1_10/frame
... including SAEDRVT14_LVLUBUF_IY2V1_12/frame
... including SAEDRVT14_LVLUBUF_IY2V1_2/frame
... including SAEDRVT14_LVLUBUF_IY2V1_3/frame
... including SAEDRVT14_LVLUBUF_IY2V1_4/frame
... including SAEDRVT14_LVLUBUF_IY2V1_6/frame
... including SAEDRVT14_LVLUBUF_IY2V1_8/frame
... including SAEDRVT14_LVLUBUF_IY2_1/frame
... including SAEDRVT14_LVLUBUF_IY2_10/frame
... including SAEDRVT14_LVLUBUF_IY2_12/frame
... including SAEDRVT14_LVLUBUF_IY2_2/frame
... including SAEDRVT14_LVLUBUF_IY2_3/frame
... including SAEDRVT14_LVLUBUF_IY2_4/frame
... including SAEDRVT14_LVLUBUF_IY2_6/frame
... including SAEDRVT14_LVLUBUF_IY2_8/frame
... including SAEDRVT14_PGATDRV_V1_8/frame
process_workspaces -check_options {-allow_missing} -force -directory CLIBs -output saed14rvt_tt0p8v25c_physical_only.ndm
Warning: Cannot specify the -allow_missing option in the physical_only flow. It is ignored.  (LMUI-009)
Checking libraries...
Building a physical-only workspace...
... looking for physical-only designs ...
Information: Copied 131 physical designs (LM-050)

Workspace check succeeded!
... wrote CLIBs/saed14rvt_tt0p8v25c_physical_only.ndm
... removing library 'saed14rvt_frame_only'
... lib workspace removed!

Warning: EMS database "check_workspace.ems" already exists, over-writing it. (EMS-040)
Maximum memory usage for this session: 101.10 MB
CPU usage for this session:      1 seconds (  0.00 hours)
Elapsed time for this session:      3 seconds (  0.00 hours)
Thank you for using Library Manager.

