
                                  PYDB_Server 

         Version S-2021.06-SP3-3 for linux64 - Jan 25, 2022 cl#7252080

                    Copyright (c) 2007 - 2022 Synopsys, Inc.
   This software and the associated documentation are proprietary to Synopsys,
 Inc. This software may only be used in accordance with the terms and conditions
 of a written license agreement with Synopsys, Inc. All other use, reproduction,
   or distribution of this software is strictly prohibited.  Licensed Products
     communicate with Synopsys servers for the purpose of providing software
    updates, detecting software piracy and verifying that customers are using
    Licensed Products in conformity with the applicable License Key for such
  Licensed Products. Synopsys will use information gathered in connection with
    this process to deliver software updates and pursue software pirates and
                                   infringers.

 Inclusivity & Diversity - Visit SolvNetPlus to read the "Synopsys Statement on
            Inclusivity and Diversity" (Refer to article 000036315 at
                        https://solvnetplus.synopsys.com)

variable width coordinate support enabled.
Listening for connections on port 8569
PYDB_Server Started on host gridley.ece.Virginia.EDU, Sat 05/03/2025 01:38:26
Client gridley.ece.virginia.edu(262814):13 connected (1 total client)
Verified current licenses.
Opening file:/net/marysrock.ece.Virginia.EDU/maryisan/users/fcc9ya/synopsys/asic/asic_project/icc2_shell/work/signoff_check_drc_run/run_details/pydb/PYDB_CIC_ADPCM_Wrapper?nolock=1
SQLite page_size=65536
SQLite cache_size=65536
SQLite mmap_size=0
SQLite journal_mode=OFF
SQLite version 3.33.0
Shutdown requested by client gridley.ece.virginia.edu(262814):13
0 clients remain connected
Client gridley.ece.virginia.edu(262814):13 connection closed
Overall server Time=0:00:00  User=0.01 Sys=0.01 Mem=0.000 GB SQLite=0.006 GB Unpooled=0.000 GB
