Warning: Design 'CIC_ADPCM_Wrapper' has '2' unresolved references. For more detailed information, use the "link" command. (UID-341)
 
****************************************
Report : area
Design : CIC_ADPCM_Wrapper
Version: S-2021.06-SP4
Date   : Fri May  2 01:22:17 2025
****************************************

Library(s) Used:

    saed14rvt_tt0p8v25c (File: /net/marysrock.ece.Virginia.EDU/maryisan/users/fcc9ya/synopsys/asic/asic_project/dc_shell/lib/saed14rvt_tt0p8v25c.db)

Number of ports:                            9
Number of nets:                            75
Number of cells:                           45
Number of combinational cells:             31
Number of sequential cells:                13
Number of macros/black boxes:               0
Number of buf/inv:                          4
Number of references:                      17

Combinational area:                 10.572000
Buf/Inv area:                        0.710400
Noncombinational area:              11.455200
Macro/Black Box area:                0.000000
Net Interconnect area:              12.145102

Total cell area:                    22.027200
Total area:                         34.172302

Information: This design contains black box (unknown) components. (RPT-8)
1
